<?xml version="1.0" encoding="UTF-8"?>
<!-- Generated by org.testng.reporters.JUnitReportReporter -->
<testsuite hostname="DESKTOP-305DRFG" failures="0" tests="2" name="Test.TestCase2" time="12.430" errors="0" timestamp="2023-08-10T09:32:55 BDT" skipped="0">
  <testcase classname="Test.TestCase2" name="scenario_2" time="12.426"/>
  <system-out/>
  <testcase classname="Test.TestCase2" name="automationexercise" time="0.004"/>
  <system-out/>
</testsuite> <!-- Test.TestCase2 -->
