<?xml version="1.0" encoding="UTF-8"?>
<!-- Generated by org.testng.reporters.JUnitReportReporter -->
<testsuite hostname="DESKTOP-305DRFG" failures="0" tests="1" name="Test.Base" time="0.008" errors="0" timestamp="2023-08-08T12:20:56 BDT" skipped="0">
  <testcase classname="Test.Base" name="demoTest" time="0.008"/>
  <system-out/>
</testsuite> <!-- Test.Base -->
