<?xml version="1.0" encoding="UTF-8"?>
<!-- Generated by org.testng.reporters.JUnitReportReporter -->
<testsuite hostname="DESKTOP-305DRFG" failures="0" tests="2" name="Test.TestCase1" time="12.738" errors="0" timestamp="2023-08-10T09:32:00 BDT" skipped="0">
  <testcase classname="Test.TestCase1" name="scenario_1" time="12.733"/>
  <system-out/>
  <testcase classname="Test.TestCase1" name="automationexercise" time="0.005"/>
  <system-out/>
</testsuite> <!-- Test.TestCase1 -->
