<?xml version="1.0" encoding="UTF-8"?>
<!-- Generated by org.testng.reporters.JUnitReportReporter -->
<testsuite hostname="DESKTOP-305DRFG" failures="0" tests="1" name="Test.ExtendsReport" time="0.004" errors="0" timestamp="2023-08-09T12:02:59 BDT" skipped="0">
  <testcase classname="Test.ExtendsReport" name="demoTest" time="0.004"/>
  <system-out/>
</testsuite> <!-- Test.ExtendsReport -->
